Started GET "/" for ::1 at 2016-09-16 16:15:30 -0700
  [1m[36mActiveRecord::SchemaMigration Load (0.5ms)[0m  [1m[34mSELECT "schema_migrations".* FROM "schema_migrations"[0m
Processing by MoviesController#welcome as HTML
  Rendering movies/welcome.html.erb within layouts/application
  [1m[36mUser Load (1.0ms)[0m  [1m[34mSELECT  "users".* FROM "users" WHERE "users"."id" = $1 ORDER BY "users"."id" ASC LIMIT $2[0m  [["id", 101], ["LIMIT", 1]]
  [1m[36mMovie Load (0.5ms)[0m  [1m[34mSELECT "movies".* FROM "movies"[0m
  [1m[36mReview Load (0.5ms)[0m  [1m[34mSELECT "reviews".* FROM "reviews" WHERE "reviews"."movie_id" = $1[0m  [["movie_id", 1]]
  [1m[36mReview Load (0.3ms)[0m  [1m[34mSELECT "reviews".* FROM "reviews" WHERE "reviews"."movie_id" = $1[0m  [["movie_id", 2]]
  [1m[36mReview Load (0.4ms)[0m  [1m[34mSELECT "reviews".* FROM "reviews" WHERE "reviews"."movie_id" = $1[0m  [["movie_id", 3]]
  [1m[36mReview Load (0.3ms)[0m  [1m[34mSELECT "reviews".* FROM "reviews" WHERE "reviews"."movie_id" = $1[0m  [["movie_id", 4]]
  [1m[36mReview Load (0.4ms)[0m  [1m[34mSELECT "reviews".* FROM "reviews" WHERE "reviews"."movie_id" = $1[0m  [["movie_id", 5]]
  [1m[36mReview Load (0.3ms)[0m  [1m[34mSELECT "reviews".* FROM "reviews" WHERE "reviews"."movie_id" = $1[0m  [["movie_id", 6]]
  Rendered movies/_search.html.erb (0.6ms)
  [1m[36mGenre Load (0.5ms)[0m  [1m[34mSELECT "genres".* FROM "genres"[0m
Started GET "/" for ::1 at 2016-09-16 16:15:31 -0700
Processing by MoviesController#welcome as HTML
  Rendered movies/welcome.html.erb within layouts/application (663.6ms)
Completed 200 OK in 1000ms (Views: 761.9ms | ActiveRecord: 19.1ms)


  Rendering movies/welcome.html.erb within layouts/application
  [1m[36mUser Load (1.4ms)[0m  [1m[34mSELECT  "users".* FROM "users" WHERE "users"."id" = $1 ORDER BY "users"."id" ASC LIMIT $2[0m  [["id", 101], ["LIMIT", 1]]
  [1m[36mMovie Load (0.6ms)[0m  [1m[34mSELECT "movies".* FROM "movies"[0m
  [1m[36mReview Load (0.4ms)[0m  [1m[34mSELECT "reviews".* FROM "reviews" WHERE "reviews"."movie_id" = $1[0m  [["movie_id", 1]]
  [1m[36mReview Load (0.3ms)[0m  [1m[34mSELECT "reviews".* FROM "reviews" WHERE "reviews"."movie_id" = $1[0m  [["movie_id", 2]]
  [1m[36mReview Load (0.3ms)[0m  [1m[34mSELECT "reviews".* FROM "reviews" WHERE "reviews"."movie_id" = $1[0m  [["movie_id", 3]]
  [1m[36mReview Load (0.3ms)[0m  [1m[34mSELECT "reviews".* FROM "reviews" WHERE "reviews"."movie_id" = $1[0m  [["movie_id", 4]]
  [1m[36mReview Load (0.3ms)[0m  [1m[34mSELECT "reviews".* FROM "reviews" WHERE "reviews"."movie_id" = $1[0m  [["movie_id", 5]]
  [1m[36mReview Load (0.3ms)[0m  [1m[34mSELECT "reviews".* FROM "reviews" WHERE "reviews"."movie_id" = $1[0m  [["movie_id", 6]]
  Rendered movies/_search.html.erb (0.4ms)
  [1m[36mGenre Load (0.5ms)[0m  [1m[34mSELECT "genres".* FROM "genres"[0m
  Rendered movies/welcome.html.erb within layouts/application (33.7ms)
Completed 200 OK in 245ms (Views: 68.8ms | ActiveRecord: 4.5ms)


Started GET "/movies" for ::1 at 2016-09-16 16:15:38 -0700
Processing by MoviesController#index as HTML
  Rendering movies/index.html.erb within layouts/application
  [1m[36mMovie Load (0.4ms)[0m  [1m[34mSELECT "movies".* FROM "movies"[0m
  [1m[36mReview Load (1.9ms)[0m  [1m[34mSELECT "reviews".* FROM "reviews" WHERE "reviews"."movie_id" = $1[0m  [["movie_id", 1]]
  [1m[36mReview Load (0.3ms)[0m  [1m[34mSELECT "reviews".* FROM "reviews" WHERE "reviews"."movie_id" = $1[0m  [["movie_id", 2]]
  [1m[36mReview Load (0.3ms)[0m  [1m[34mSELECT "reviews".* FROM "reviews" WHERE "reviews"."movie_id" = $1[0m  [["movie_id", 3]]
  [1m[36mReview Load (0.3ms)[0m  [1m[34mSELECT "reviews".* FROM "reviews" WHERE "reviews"."movie_id" = $1[0m  [["movie_id", 4]]
  [1m[36mReview Load (0.3ms)[0m  [1m[34mSELECT "reviews".* FROM "reviews" WHERE "reviews"."movie_id" = $1[0m  [["movie_id", 5]]
  [1m[36mReview Load (0.2ms)[0m  [1m[34mSELECT "reviews".* FROM "reviews" WHERE "reviews"."movie_id" = $1[0m  [["movie_id", 6]]
  Rendered movies/index.html.erb within layouts/application (17.9ms)
  [1m[36mUser Load (0.6ms)[0m  [1m[34mSELECT  "users".* FROM "users" WHERE "users"."id" = $1 ORDER BY "users"."id" ASC LIMIT $2[0m  [["id", 101], ["LIMIT", 1]]
Completed 200 OK in 54ms (Views: 47.2ms | ActiveRecord: 4.2ms)


Started POST "/api" for ::1 at 2016-09-16 16:15:40 -0700
Processing by ApiController#create as HTML
  Parameters: {"movie"=>"movie", "search"=>"Submit"}
Redirected to http://localhost:3000/movies
Completed 302 Found in 171ms (ActiveRecord: 0.0ms)


Started GET "/movies" for ::1 at 2016-09-16 16:15:40 -0700
Processing by MoviesController#index as HTML
  Rendering movies/index.html.erb within layouts/application
  [1m[36mMovie Load (0.7ms)[0m  [1m[34mSELECT "movies".* FROM "movies"[0m
  [1m[36mReview Load (0.4ms)[0m  [1m[34mSELECT "reviews".* FROM "reviews" WHERE "reviews"."movie_id" = $1[0m  [["movie_id", 1]]
  [1m[36mReview Load (0.3ms)[0m  [1m[34mSELECT "reviews".* FROM "reviews" WHERE "reviews"."movie_id" = $1[0m  [["movie_id", 2]]
  [1m[36mReview Load (0.2ms)[0m  [1m[34mSELECT "reviews".* FROM "reviews" WHERE "reviews"."movie_id" = $1[0m  [["movie_id", 3]]
  [1m[36mReview Load (0.2ms)[0m  [1m[34mSELECT "reviews".* FROM "reviews" WHERE "reviews"."movie_id" = $1[0m  [["movie_id", 4]]
  [1m[36mReview Load (0.2ms)[0m  [1m[34mSELECT "reviews".* FROM "reviews" WHERE "reviews"."movie_id" = $1[0m  [["movie_id", 5]]
  [1m[36mReview Load (0.2ms)[0m  [1m[34mSELECT "reviews".* FROM "reviews" WHERE "reviews"."movie_id" = $1[0m  [["movie_id", 6]]
  Rendered movies/index.html.erb within layouts/application (12.0ms)
  [1m[36mUser Load (1.2ms)[0m  [1m[34mSELECT  "users".* FROM "users" WHERE "users"."id" = $1 ORDER BY "users"."id" ASC LIMIT $2[0m  [["id", 101], ["LIMIT", 1]]
Completed 200 OK in 47ms (Views: 41.0ms | ActiveRecord: 3.6ms)


Started POST "/api" for ::1 at 2016-09-16 16:15:48 -0700
Processing by ApiController#create as HTML
  Parameters: {"movie"=>"batman", "search"=>"Submit"}
Redirected to http://localhost:3000/movies
Completed 302 Found in 583ms (ActiveRecord: 0.0ms)


Started GET "/movies" for ::1 at 2016-09-16 16:15:49 -0700
Processing by MoviesController#index as HTML
  Rendering movies/index.html.erb within layouts/application
  [1m[36mMovie Load (0.4ms)[0m  [1m[34mSELECT "movies".* FROM "movies"[0m
  [1m[36mReview Load (0.4ms)[0m  [1m[34mSELECT "reviews".* FROM "reviews" WHERE "reviews"."movie_id" = $1[0m  [["movie_id", 1]]
  [1m[36mReview Load (0.3ms)[0m  [1m[34mSELECT "reviews".* FROM "reviews" WHERE "reviews"."movie_id" = $1[0m  [["movie_id", 2]]
  [1m[36mReview Load (0.2ms)[0m  [1m[34mSELECT "reviews".* FROM "reviews" WHERE "reviews"."movie_id" = $1[0m  [["movie_id", 3]]
  [1m[36mReview Load (0.3ms)[0m  [1m[34mSELECT "reviews".* FROM "reviews" WHERE "reviews"."movie_id" = $1[0m  [["movie_id", 4]]
  [1m[36mReview Load (0.2ms)[0m  [1m[34mSELECT "reviews".* FROM "reviews" WHERE "reviews"."movie_id" = $1[0m  [["movie_id", 5]]
  [1m[36mReview Load (0.3ms)[0m  [1m[34mSELECT "reviews".* FROM "reviews" WHERE "reviews"."movie_id" = $1[0m  [["movie_id", 6]]
  Rendered movies/index.html.erb within layouts/application (14.9ms)
  [1m[36mUser Load (0.5ms)[0m  [1m[34mSELECT  "users".* FROM "users" WHERE "users"."id" = $1 ORDER BY "users"."id" ASC LIMIT $2[0m  [["id", 101], ["LIMIT", 1]]
Completed 200 OK in 51ms (Views: 45.8ms | ActiveRecord: 2.5ms)


