  [1m[35m (92.1ms)[0m  [1m[35mCREATE TABLE "schema_migrations" ("version" character varying PRIMARY KEY)[0m
  [1m[35m (14.1ms)[0m  [1m[35mCREATE TABLE "ar_internal_metadata" ("key" character varying PRIMARY KEY, "value" character varying, "created_at" timestamp NOT NULL, "updated_at" timestamp NOT NULL)[0m
  [1m[35m (0.2ms)[0m  [1m[34mSELECT pg_try_advisory_lock(1413872719350627060);[0m
  [1m[36mActiveRecord::SchemaMigration Load (16.6ms)[0m  [1m[34mSELECT "schema_migrations".* FROM "schema_migrations"[0m
Migrating to CreateMovies (20160914225914)
  [1m[35m (0.3ms)[0m  [1m[35mBEGIN[0m
  [1m[35m (64.6ms)[0m  [1m[35mCREATE TABLE "movies" ("id" serial primary key, "title" character varying, "year" integer, "director" character varying, "mpaa_rating" integer)[0m
  [1m[35mSQL (38.6ms)[0m  [1m[32mINSERT INTO "schema_migrations" ("version") VALUES ($1) RETURNING "version"[0m  [["version", "20160914225914"]]
  [1m[35m (0.9ms)[0m  [1m[35mCOMMIT[0m
Migrating to CreateUsers (20160914230001)
  [1m[35m (15.8ms)[0m  [1m[35mBEGIN[0m
  [1m[35m (4.3ms)[0m  [1m[35mCREATE TABLE "users" ("id" serial primary key, "username" character varying, "email" character varying, "password_hash" character varying)[0m
  [1m[35mSQL (0.3ms)[0m  [1m[32mINSERT INTO "schema_migrations" ("version") VALUES ($1) RETURNING "version"[0m  [["version", "20160914230001"]]
  [1m[35m (0.6ms)[0m  [1m[35mCOMMIT[0m
Migrating to CreateGenres (20160914230107)
  [1m[35m (15.6ms)[0m  [1m[35mBEGIN[0m
  [1m[35m (18.6ms)[0m  [1m[35mCREATE TABLE "genres" ("id" serial primary key, "name" character varying)[0m
  [1m[35mSQL (0.3ms)[0m  [1m[32mINSERT INTO "schema_migrations" ("version") VALUES ($1) RETURNING "version"[0m  [["version", "20160914230107"]]
  [1m[35m (0.6ms)[0m  [1m[35mCOMMIT[0m
Migrating to CreateReviews (20160914230156)
  [1m[35m (15.6ms)[0m  [1m[35mBEGIN[0m
  [1m[35m (19.9ms)[0m  [1m[35mCREATE TABLE "reviews" ("id" serial primary key, "user_id" integer, "movie_id" integer, "star_rating" character varying, "integer" character varying, "text" text)[0m
  [1m[35m (1.2ms)[0m  [1m[35mCREATE  INDEX  "index_reviews_on_user_id" ON "reviews"  ("user_id")[0m
  [1m[35m (1.0ms)[0m  [1m[35mCREATE  INDEX  "index_reviews_on_movie_id" ON "reviews"  ("movie_id")[0m
  [1m[35mSQL (0.3ms)[0m  [1m[32mINSERT INTO "schema_migrations" ("version") VALUES ($1) RETURNING "version"[0m  [["version", "20160914230156"]]
  [1m[35m (0.7ms)[0m  [1m[35mCOMMIT[0m
Migrating to CreateComments (20160914230230)
  [1m[35m (15.6ms)[0m  [1m[35mBEGIN[0m
  [1m[35m (54.9ms)[0m  [1m[35mCREATE TABLE "comments" ("id" serial primary key, "text" text, "review_id" integer, "user_id" integer, CONSTRAINT "fk_rails_03de2dc08c"
FOREIGN KEY ("user_id")
  REFERENCES "users" ("id")
)[0m
  [1m[35m (1.2ms)[0m  [1m[35mCREATE  INDEX  "index_comments_on_review_id" ON "comments"  ("review_id")[0m
  [1m[35m (1.0ms)[0m  [1m[35mCREATE  INDEX  "index_comments_on_user_id" ON "comments"  ("user_id")[0m
  [1m[35mSQL (0.3ms)[0m  [1m[32mINSERT INTO "schema_migrations" ("version") VALUES ($1) RETURNING "version"[0m  [["version", "20160914230230"]]
  [1m[35m (0.6ms)[0m  [1m[35mCOMMIT[0m
Migrating to CreateVotes (20160914230250)
  [1m[35m (11.8ms)[0m  [1m[35mBEGIN[0m
  [1m[35m (19.3ms)[0m  [1m[35mCREATE TABLE "votes" ("id" serial primary key, "vote_value" integer, "user_id" integer, "review_id" integer, CONSTRAINT "fk_rails_cff9269b16"
FOREIGN KEY ("review_id")
  REFERENCES "reviews" ("id")
)[0m
  [1m[35m (1.0ms)[0m  [1m[35mCREATE  INDEX  "index_votes_on_user_id" ON "votes"  ("user_id")[0m
  [1m[35m (1.0ms)[0m  [1m[35mCREATE  INDEX  "index_votes_on_review_id" ON "votes"  ("review_id")[0m
  [1m[35mSQL (0.3ms)[0m  [1m[32mINSERT INTO "schema_migrations" ("version") VALUES ($1) RETURNING "version"[0m  [["version", "20160914230250"]]
  [1m[35m (0.6ms)[0m  [1m[35mCOMMIT[0m
  [1m[36mActiveRecord::InternalMetadata Load (0.6ms)[0m  [1m[34mSELECT  "ar_internal_metadata".* FROM "ar_internal_metadata" WHERE "ar_internal_metadata"."key" = $1 LIMIT $2[0m  [["key", :environment], ["LIMIT", 1]]
  [1m[35m (0.2ms)[0m  [1m[35mBEGIN[0m
  [1m[35mSQL (0.4ms)[0m  [1m[32mINSERT INTO "ar_internal_metadata" ("key", "value", "created_at", "updated_at") VALUES ($1, $2, $3, $4) RETURNING "key"[0m  [["key", "environment"], ["value", "development"], ["created_at", 2016-09-15 16:55:13 UTC], ["updated_at", 2016-09-15 16:55:13 UTC]]
  [1m[35m (0.4ms)[0m  [1m[35mCOMMIT[0m
  [1m[35m (0.2ms)[0m  [1m[34mSELECT pg_advisory_unlock(1413872719350627060)[0m
  [1m[36mActiveRecord::SchemaMigration Load (0.3ms)[0m  [1m[34mSELECT "schema_migrations".* FROM "schema_migrations"[0m
  [1m[35m (12.2ms)[0m  [1m[34mSELECT t2.oid::regclass::text AS to_table, a1.attname AS column, a2.attname AS primary_key, c.conname AS name, c.confupdtype AS on_update, c.confdeltype AS on_delete
FROM pg_constraint c
JOIN pg_class t1 ON c.conrelid = t1.oid
JOIN pg_class t2 ON c.confrelid = t2.oid
JOIN pg_attribute a1 ON a1.attnum = c.conkey[1] AND a1.attrelid = t1.oid
JOIN pg_attribute a2 ON a2.attnum = c.confkey[1] AND a2.attrelid = t2.oid
JOIN pg_namespace t3 ON c.connamespace = t3.oid
WHERE c.contype = 'f'
  AND t1.relname = 'comments'
  AND t3.nspname = ANY (current_schemas(false))
ORDER BY c.conname
[0m
  [1m[35m (2.6ms)[0m  [1m[34mSELECT t2.oid::regclass::text AS to_table, a1.attname AS column, a2.attname AS primary_key, c.conname AS name, c.confupdtype AS on_update, c.confdeltype AS on_delete
FROM pg_constraint c
JOIN pg_class t1 ON c.conrelid = t1.oid
JOIN pg_class t2 ON c.confrelid = t2.oid
JOIN pg_attribute a1 ON a1.attnum = c.conkey[1] AND a1.attrelid = t1.oid
JOIN pg_attribute a2 ON a2.attnum = c.confkey[1] AND a2.attrelid = t2.oid
JOIN pg_namespace t3 ON c.connamespace = t3.oid
WHERE c.contype = 'f'
  AND t1.relname = 'genres'
  AND t3.nspname = ANY (current_schemas(false))
ORDER BY c.conname
[0m
  [1m[35m (2.3ms)[0m  [1m[34mSELECT t2.oid::regclass::text AS to_table, a1.attname AS column, a2.attname AS primary_key, c.conname AS name, c.confupdtype AS on_update, c.confdeltype AS on_delete
FROM pg_constraint c
JOIN pg_class t1 ON c.conrelid = t1.oid
JOIN pg_class t2 ON c.confrelid = t2.oid
JOIN pg_attribute a1 ON a1.attnum = c.conkey[1] AND a1.attrelid = t1.oid
JOIN pg_attribute a2 ON a2.attnum = c.confkey[1] AND a2.attrelid = t2.oid
JOIN pg_namespace t3 ON c.connamespace = t3.oid
WHERE c.contype = 'f'
  AND t1.relname = 'movies'
  AND t3.nspname = ANY (current_schemas(false))
ORDER BY c.conname
[0m
  [1m[35m (2.0ms)[0m  [1m[34mSELECT t2.oid::regclass::text AS to_table, a1.attname AS column, a2.attname AS primary_key, c.conname AS name, c.confupdtype AS on_update, c.confdeltype AS on_delete
FROM pg_constraint c
JOIN pg_class t1 ON c.conrelid = t1.oid
JOIN pg_class t2 ON c.confrelid = t2.oid
JOIN pg_attribute a1 ON a1.attnum = c.conkey[1] AND a1.attrelid = t1.oid
JOIN pg_attribute a2 ON a2.attnum = c.confkey[1] AND a2.attrelid = t2.oid
JOIN pg_namespace t3 ON c.connamespace = t3.oid
WHERE c.contype = 'f'
  AND t1.relname = 'reviews'
  AND t3.nspname = ANY (current_schemas(false))
ORDER BY c.conname
[0m
  [1m[35m (2.0ms)[0m  [1m[34mSELECT t2.oid::regclass::text AS to_table, a1.attname AS column, a2.attname AS primary_key, c.conname AS name, c.confupdtype AS on_update, c.confdeltype AS on_delete
FROM pg_constraint c
JOIN pg_class t1 ON c.conrelid = t1.oid
JOIN pg_class t2 ON c.confrelid = t2.oid
JOIN pg_attribute a1 ON a1.attnum = c.conkey[1] AND a1.attrelid = t1.oid
JOIN pg_attribute a2 ON a2.attnum = c.confkey[1] AND a2.attrelid = t2.oid
JOIN pg_namespace t3 ON c.connamespace = t3.oid
WHERE c.contype = 'f'
  AND t1.relname = 'users'
  AND t3.nspname = ANY (current_schemas(false))
ORDER BY c.conname
[0m
  [1m[35m (1.9ms)[0m  [1m[34mSELECT t2.oid::regclass::text AS to_table, a1.attname AS column, a2.attname AS primary_key, c.conname AS name, c.confupdtype AS on_update, c.confdeltype AS on_delete
FROM pg_constraint c
JOIN pg_class t1 ON c.conrelid = t1.oid
JOIN pg_class t2 ON c.confrelid = t2.oid
JOIN pg_attribute a1 ON a1.attnum = c.conkey[1] AND a1.attrelid = t1.oid
JOIN pg_attribute a2 ON a2.attnum = c.confkey[1] AND a2.attrelid = t2.oid
JOIN pg_namespace t3 ON c.connamespace = t3.oid
WHERE c.contype = 'f'
  AND t1.relname = 'votes'
  AND t3.nspname = ANY (current_schemas(false))
ORDER BY c.conname
[0m
  [1m[35m (8.8ms)[0m  [1m[35mCREATE TABLE "schema_migrations" ("version" character varying PRIMARY KEY)[0m
  [1m[35m (20.3ms)[0m  [1m[35mCREATE TABLE "ar_internal_metadata" ("key" character varying PRIMARY KEY, "value" character varying, "created_at" timestamp NOT NULL, "updated_at" timestamp NOT NULL)[0m
  [1m[35m (0.4ms)[0m  [1m[34mSELECT pg_try_advisory_lock(1413872719350627060);[0m
  [1m[36mActiveRecord::SchemaMigration Load (0.3ms)[0m  [1m[34mSELECT "schema_migrations".* FROM "schema_migrations"[0m
Migrating to CreateMoviesTable (20160914225914)
  [1m[35m (0.2ms)[0m  [1m[34mSELECT pg_advisory_unlock(1413872719350627060)[0m
  [1m[35m (0.2ms)[0m  [1m[34mSELECT pg_try_advisory_lock(1413872719350627060);[0m
  [1m[36mActiveRecord::SchemaMigration Load (0.5ms)[0m  [1m[34mSELECT "schema_migrations".* FROM "schema_migrations"[0m
Migrating to CreateMovies (20160914225914)
  [1m[35m (6.4ms)[0m  [1m[35mBEGIN[0m
  [1m[35m (27.2ms)[0m  [1m[35mCREATE TABLE "movies" ("id" serial primary key, "title" character varying, "year" integer, "director" character varying, "mpaa_rating" integer)[0m
  [1m[35mSQL (25.9ms)[0m  [1m[32mINSERT INTO "schema_migrations" ("version") VALUES ($1) RETURNING "version"[0m  [["version", "20160914225914"]]
  [1m[35m (1.1ms)[0m  [1m[35mCOMMIT[0m
Migrating to CreateUsers (20160914230001)
  [1m[35m (0.4ms)[0m  [1m[35mBEGIN[0m
  [1m[35m (2.4ms)[0m  [1m[35mCREATE TABLE "users" ("id" serial primary key, "username" character varying, "email" character varying, "password_hash" character varying)[0m
  [1m[35mSQL (0.3ms)[0m  [1m[32mINSERT INTO "schema_migrations" ("version") VALUES ($1) RETURNING "version"[0m  [["version", "20160914230001"]]
  [1m[35m (0.4ms)[0m  [1m[35mCOMMIT[0m
Migrating to CreateGenres (20160914230107)
  [1m[35m (0.3ms)[0m  [1m[35mBEGIN[0m
  [1m[35m (2.4ms)[0m  [1m[35mCREATE TABLE "genres" ("id" serial primary key, "name" character varying)[0m
  [1m[35mSQL (0.2ms)[0m  [1m[32mINSERT INTO "schema_migrations" ("version") VALUES ($1) RETURNING "version"[0m  [["version", "20160914230107"]]
  [1m[35m (0.3ms)[0m  [1m[35mCOMMIT[0m
Migrating to CreateReviews (20160914230156)
  [1m[35m (0.2ms)[0m  [1m[35mBEGIN[0m
  [1m[35m (2.3ms)[0m  [1m[35mCREATE TABLE "reviews" ("id" serial primary key, "user_id" integer, "movie_id" integer, "star_rating" character varying, "integer" character varying, "text" text)[0m
  [1m[35m (1.2ms)[0m  [1m[35mCREATE  INDEX  "index_reviews_on_user_id" ON "reviews"  ("user_id")[0m
  [1m[35m (0.6ms)[0m  [1m[35mCREATE  INDEX  "index_reviews_on_movie_id" ON "reviews"  ("movie_id")[0m
  [1m[35mSQL (0.2ms)[0m  [1m[32mINSERT INTO "schema_migrations" ("version") VALUES ($1) RETURNING "version"[0m  [["version", "20160914230156"]]
  [1m[35m (0.3ms)[0m  [1m[35mCOMMIT[0m
Migrating to CreateComments (20160914230230)
  [1m[35m (0.2ms)[0m  [1m[35mBEGIN[0m
  [1m[35m (7.4ms)[0m  [1m[35mCREATE TABLE "comments" ("id" serial primary key, "text" text, "review_id" integer, "user_id" integer, CONSTRAINT "fk_rails_03de2dc08c"
FOREIGN KEY ("user_id")
  REFERENCES "users" ("id")
)[0m
  [1m[35m (0.7ms)[0m  [1m[35mCREATE  INDEX  "index_comments_on_review_id" ON "comments"  ("review_id")[0m
  [1m[35m (2.0ms)[0m  [1m[35mCREATE  INDEX  "index_comments_on_user_id" ON "comments"  ("user_id")[0m
  [1m[35mSQL (0.5ms)[0m  [1m[32mINSERT INTO "schema_migrations" ("version") VALUES ($1) RETURNING "version"[0m  [["version", "20160914230230"]]
  [1m[35m (2.4ms)[0m  [1m[35mCOMMIT[0m
Migrating to CreateVotes (20160914230250)
  [1m[35m (0.5ms)[0m  [1m[35mBEGIN[0m
  [1m[35m (5.3ms)[0m  [1m[35mCREATE TABLE "votes" ("id" serial primary key, "vote_value" integer, "user_id" integer, "review_id" integer, CONSTRAINT "fk_rails_cff9269b16"
FOREIGN KEY ("review_id")
  REFERENCES "reviews" ("id")
)[0m
  [1m[35m (1.2ms)[0m  [1m[35mCREATE  INDEX  "index_votes_on_user_id" ON "votes"  ("user_id")[0m
  [1m[35m (1.3ms)[0m  [1m[35mCREATE  INDEX  "index_votes_on_review_id" ON "votes"  ("review_id")[0m
  [1m[35mSQL (0.3ms)[0m  [1m[32mINSERT INTO "schema_migrations" ("version") VALUES ($1) RETURNING "version"[0m  [["version", "20160914230250"]]
  [1m[35m (0.3ms)[0m  [1m[35mCOMMIT[0m
Migrating to DeviseCreateModels (20160914232857)
  [1m[35m (0.3ms)[0m  [1m[35mBEGIN[0m
  [1m[35m (2.9ms)[0m  [1m[35mCREATE TABLE "models" ("id" serial primary key, "email" character varying DEFAULT '' NOT NULL, "encrypted_password" character varying DEFAULT '' NOT NULL, "reset_password_token" character varying, "reset_password_sent_at" timestamp, "remember_created_at" timestamp, "sign_in_count" integer DEFAULT 0 NOT NULL, "current_sign_in_at" timestamp, "last_sign_in_at" timestamp, "current_sign_in_ip" inet, "last_sign_in_ip" inet, "created_at" timestamp NOT NULL, "updated_at" timestamp NOT NULL)[0m
  [1m[35m (0.8ms)[0m  [1m[35mCREATE UNIQUE INDEX  "index_models_on_email" ON "models"  ("email")[0m
  [1m[35m (1.6ms)[0m  [1m[35mCREATE UNIQUE INDEX  "index_models_on_reset_password_token" ON "models"  ("reset_password_token")[0m
  [1m[35mSQL (0.5ms)[0m  [1m[32mINSERT INTO "schema_migrations" ("version") VALUES ($1) RETURNING "version"[0m  [["version", "20160914232857"]]
  [1m[35m (0.7ms)[0m  [1m[35mCOMMIT[0m
  [1m[36mActiveRecord::InternalMetadata Load (1.2ms)[0m  [1m[34mSELECT  "ar_internal_metadata".* FROM "ar_internal_metadata" WHERE "ar_internal_metadata"."key" = $1 LIMIT $2[0m  [["key", :environment], ["LIMIT", 1]]
  [1m[35m (0.1ms)[0m  [1m[35mBEGIN[0m
  [1m[35mSQL (0.6ms)[0m  [1m[32mINSERT INTO "ar_internal_metadata" ("key", "value", "created_at", "updated_at") VALUES ($1, $2, $3, $4) RETURNING "key"[0m  [["key", "environment"], ["value", "development"], ["created_at", 2016-09-15 17:04:57 UTC], ["updated_at", 2016-09-15 17:04:57 UTC]]
  [1m[35m (0.3ms)[0m  [1m[35mCOMMIT[0m
  [1m[35m (0.1ms)[0m  [1m[34mSELECT pg_advisory_unlock(1413872719350627060)[0m
  [1m[36mActiveRecord::SchemaMigration Load (0.1ms)[0m  [1m[34mSELECT "schema_migrations".* FROM "schema_migrations"[0m
  [1m[35m (2.9ms)[0m  [1m[34mSELECT t2.oid::regclass::text AS to_table, a1.attname AS column, a2.attname AS primary_key, c.conname AS name, c.confupdtype AS on_update, c.confdeltype AS on_delete
FROM pg_constraint c
JOIN pg_class t1 ON c.conrelid = t1.oid
JOIN pg_class t2 ON c.confrelid = t2.oid
JOIN pg_attribute a1 ON a1.attnum = c.conkey[1] AND a1.attrelid = t1.oid
JOIN pg_attribute a2 ON a2.attnum = c.confkey[1] AND a2.attrelid = t2.oid
JOIN pg_namespace t3 ON c.connamespace = t3.oid
WHERE c.contype = 'f'
  AND t1.relname = 'comments'
  AND t3.nspname = ANY (current_schemas(false))
ORDER BY c.conname
[0m
  [1m[35m (1.7ms)[0m  [1m[34mSELECT t2.oid::regclass::text AS to_table, a1.attname AS column, a2.attname AS primary_key, c.conname AS name, c.confupdtype AS on_update, c.confdeltype AS on_delete
FROM pg_constraint c
JOIN pg_class t1 ON c.conrelid = t1.oid
JOIN pg_class t2 ON c.confrelid = t2.oid
JOIN pg_attribute a1 ON a1.attnum = c.conkey[1] AND a1.attrelid = t1.oid
JOIN pg_attribute a2 ON a2.attnum = c.confkey[1] AND a2.attrelid = t2.oid
JOIN pg_namespace t3 ON c.connamespace = t3.oid
WHERE c.contype = 'f'
  AND t1.relname = 'genres'
  AND t3.nspname = ANY (current_schemas(false))
ORDER BY c.conname
[0m
  [1m[35m (1.5ms)[0m  [1m[34mSELECT t2.oid::regclass::text AS to_table, a1.attname AS column, a2.attname AS primary_key, c.conname AS name, c.confupdtype AS on_update, c.confdeltype AS on_delete
FROM pg_constraint c
JOIN pg_class t1 ON c.conrelid = t1.oid
JOIN pg_class t2 ON c.confrelid = t2.oid
JOIN pg_attribute a1 ON a1.attnum = c.conkey[1] AND a1.attrelid = t1.oid
JOIN pg_attribute a2 ON a2.attnum = c.confkey[1] AND a2.attrelid = t2.oid
JOIN pg_namespace t3 ON c.connamespace = t3.oid
WHERE c.contype = 'f'
  AND t1.relname = 'models'
  AND t3.nspname = ANY (current_schemas(false))
ORDER BY c.conname
[0m
  [1m[35m (1.5ms)[0m  [1m[34mSELECT t2.oid::regclass::text AS to_table, a1.attname AS column, a2.attname AS primary_key, c.conname AS name, c.confupdtype AS on_update, c.confdeltype AS on_delete
FROM pg_constraint c
JOIN pg_class t1 ON c.conrelid = t1.oid
JOIN pg_class t2 ON c.confrelid = t2.oid
JOIN pg_attribute a1 ON a1.attnum = c.conkey[1] AND a1.attrelid = t1.oid
JOIN pg_attribute a2 ON a2.attnum = c.confkey[1] AND a2.attrelid = t2.oid
JOIN pg_namespace t3 ON c.connamespace = t3.oid
WHERE c.contype = 'f'
  AND t1.relname = 'movies'
  AND t3.nspname = ANY (current_schemas(false))
ORDER BY c.conname
[0m
  [1m[35m (1.4ms)[0m  [1m[34mSELECT t2.oid::regclass::text AS to_table, a1.attname AS column, a2.attname AS primary_key, c.conname AS name, c.confupdtype AS on_update, c.confdeltype AS on_delete
FROM pg_constraint c
JOIN pg_class t1 ON c.conrelid = t1.oid
JOIN pg_class t2 ON c.confrelid = t2.oid
JOIN pg_attribute a1 ON a1.attnum = c.conkey[1] AND a1.attrelid = t1.oid
JOIN pg_attribute a2 ON a2.attnum = c.confkey[1] AND a2.attrelid = t2.oid
JOIN pg_namespace t3 ON c.connamespace = t3.oid
WHERE c.contype = 'f'
  AND t1.relname = 'reviews'
  AND t3.nspname = ANY (current_schemas(false))
ORDER BY c.conname
[0m
  [1m[35m (1.4ms)[0m  [1m[34mSELECT t2.oid::regclass::text AS to_table, a1.attname AS column, a2.attname AS primary_key, c.conname AS name, c.confupdtype AS on_update, c.confdeltype AS on_delete
FROM pg_constraint c
JOIN pg_class t1 ON c.conrelid = t1.oid
JOIN pg_class t2 ON c.confrelid = t2.oid
JOIN pg_attribute a1 ON a1.attnum = c.conkey[1] AND a1.attrelid = t1.oid
JOIN pg_attribute a2 ON a2.attnum = c.confkey[1] AND a2.attrelid = t2.oid
JOIN pg_namespace t3 ON c.connamespace = t3.oid
WHERE c.contype = 'f'
  AND t1.relname = 'users'
  AND t3.nspname = ANY (current_schemas(false))
ORDER BY c.conname
[0m
  [1m[35m (1.6ms)[0m  [1m[34mSELECT t2.oid::regclass::text AS to_table, a1.attname AS column, a2.attname AS primary_key, c.conname AS name, c.confupdtype AS on_update, c.confdeltype AS on_delete
FROM pg_constraint c
JOIN pg_class t1 ON c.conrelid = t1.oid
JOIN pg_class t2 ON c.confrelid = t2.oid
JOIN pg_attribute a1 ON a1.attnum = c.conkey[1] AND a1.attrelid = t1.oid
JOIN pg_attribute a2 ON a2.attnum = c.confkey[1] AND a2.attrelid = t2.oid
JOIN pg_namespace t3 ON c.connamespace = t3.oid
WHERE c.contype = 'f'
  AND t1.relname = 'votes'
  AND t3.nspname = ANY (current_schemas(false))
ORDER BY c.conname
[0m
  [1m[36mActiveRecord::SchemaMigration Load (0.4ms)[0m  [1m[34mSELECT "schema_migrations".* FROM "schema_migrations"[0m
  [1m[35mSQL (6.2ms)[0m  [1m[31mDELETE FROM "users"[0m
  [1m[36mActiveRecord::SchemaMigration Load (0.6ms)[0m  [1m[34mSELECT "schema_migrations".* FROM "schema_migrations"[0m
  [1m[35mSQL (0.4ms)[0m  [1m[31mDELETE FROM "users"[0m
  [1m[36mActiveRecord::SchemaMigration Load (0.5ms)[0m  [1m[34mSELECT "schema_migrations".* FROM "schema_migrations"[0m
  [1m[35mSQL (0.4ms)[0m  [1m[31mDELETE FROM "users"[0m
  [1m[35m (0.1ms)[0m  [1m[35mBEGIN[0m
  [1m[35mSQL (1.9ms)[0m  [1m[32mINSERT INTO "users" ("username", "email", "password_hash") VALUES ($1, $2, $3) RETURNING "id"[0m  [["username", "Sheldon"], ["email", "giovanny_cummerata@hermann.com"], ["password_hash", "password"]]
  [1m[35m (0.3ms)[0m  [1m[35mCOMMIT[0m
  [1m[35m (0.1ms)[0m  [1m[35mBEGIN[0m
  [1m[35mSQL (0.2ms)[0m  [1m[32mINSERT INTO "users" ("username", "email", "password_hash") VALUES ($1, $2, $3) RETURNING "id"[0m  [["username", "Adeline"], ["email", "enrico.wilderman@swaniawskiko.io"], ["password_hash", "password"]]
  [1m[35m (0.2ms)[0m  [1m[35mCOMMIT[0m
  [1m[35m (0.1ms)[0m  [1m[35mBEGIN[0m
  [1m[35mSQL (0.2ms)[0m  [1m[32mINSERT INTO "users" ("username", "email", "password_hash") VALUES ($1, $2, $3) RETURNING "id"[0m  [["username", "Alyson"], ["email", "michael_mcclure@pollich.info"], ["password_hash", "password"]]
  [1m[35m (0.2ms)[0m  [1m[35mCOMMIT[0m
  [1m[35m (0.1ms)[0m  [1m[35mBEGIN[0m
  [1m[35mSQL (0.2ms)[0m  [1m[32mINSERT INTO "users" ("username", "email", "password_hash") VALUES ($1, $2, $3) RETURNING "id"[0m  [["username", "Micah"], ["email", "name@connelly.org"], ["password_hash", "password"]]
  [1m[35m (0.3ms)[0m  [1m[35mCOMMIT[0m
  [1m[35m (0.1ms)[0m  [1m[35mBEGIN[0m
  [1m[35mSQL (0.2ms)[0m  [1m[32mINSERT INTO "users" ("username", "email", "password_hash") VALUES ($1, $2, $3) RETURNING "id"[0m  [["username", "Eldora"], ["email", "monty_bednar@cremin.org"], ["password_hash", "password"]]
  [1m[35m (0.3ms)[0m  [1m[35mCOMMIT[0m
  [1m[35m (0.1ms)[0m  [1m[35mBEGIN[0m
  [1m[35mSQL (0.2ms)[0m  [1m[32mINSERT INTO "users" ("username", "email", "password_hash") VALUES ($1, $2, $3) RETURNING "id"[0m  [["username", "Selmer"], ["email", "linnea@walshratke.co"], ["password_hash", "password"]]
  [1m[35m (0.2ms)[0m  [1m[35mCOMMIT[0m
  [1m[35m (0.1ms)[0m  [1m[35mBEGIN[0m
  [1m[35mSQL (0.2ms)[0m  [1m[32mINSERT INTO "users" ("username", "email", "password_hash") VALUES ($1, $2, $3) RETURNING "id"[0m  [["username", "Jett"], ["email", "sadie@reichert.name"], ["password_hash", "password"]]
  [1m[35m (0.2ms)[0m  [1m[35mCOMMIT[0m
  [1m[35m (0.1ms)[0m  [1m[35mBEGIN[0m
  [1m[35mSQL (0.2ms)[0m  [1m[32mINSERT INTO "users" ("username", "email", "password_hash") VALUES ($1, $2, $3) RETURNING "id"[0m  [["username", "Malinda"], ["email", "alexane@kautzerblock.net"], ["password_hash", "password"]]
  [1m[35m (0.3ms)[0m  [1m[35mCOMMIT[0m
  [1m[35m (0.1ms)[0m  [1m[35mBEGIN[0m
  [1m[35mSQL (0.2ms)[0m  [1m[32mINSERT INTO "users" ("username", "email", "password_hash") VALUES ($1, $2, $3) RETURNING "id"[0m  [["username", "Lizeth"], ["email", "maude@bruen.io"], ["password_hash", "password"]]
  [1m[35m (0.3ms)[0m  [1m[35mCOMMIT[0m
  [1m[35m (0.1ms)[0m  [1m[35mBEGIN[0m
  [1m[35mSQL (0.2ms)[0m  [1m[32mINSERT INTO "users" ("username", "email", "password_hash") VALUES ($1, $2, $3) RETURNING "id"[0m  [["username", "Alessandro"], ["email", "orpha@ryan.biz"], ["password_hash", "password"]]
  [1m[35m (0.3ms)[0m  [1m[35mCOMMIT[0m
  [1m[35m (0.1ms)[0m  [1m[35mBEGIN[0m
  [1m[35mSQL (0.2ms)[0m  [1m[32mINSERT INTO "users" ("username", "email", "password_hash") VALUES ($1, $2, $3) RETURNING "id"[0m  [["username", "Jaylon"], ["email", "hosea@roobkoepp.org"], ["password_hash", "password"]]
  [1m[35m (0.3ms)[0m  [1m[35mCOMMIT[0m
  [1m[35m (0.1ms)[0m  [1m[35mBEGIN[0m
  [1m[35mSQL (0.2ms)[0m  [1m[32mINSERT INTO "users" ("username", "email", "password_hash") VALUES ($1, $2, $3) RETURNING "id"[0m  [["username", "Della"], ["email", "lukas@hickle.com"], ["password_hash", "password"]]
  [1m[35m (0.2ms)[0m  [1m[35mCOMMIT[0m
  [1m[35m (0.1ms)[0m  [1m[35mBEGIN[0m
  [1m[35mSQL (0.2ms)[0m  [1m[32mINSERT INTO "users" ("username", "email", "password_hash") VALUES ($1, $2, $3) RETURNING "id"[0m  [["username", "Opal"], ["email", "wellington.wolf@powlowski.name"], ["password_hash", "password"]]
  [1m[35m (0.3ms)[0m  [1m[35mCOMMIT[0m
  [1m[35m (0.1ms)[0m  [1m[35mBEGIN[0m
  [1m[35mSQL (0.2ms)[0m  [1m[32mINSERT INTO "users" ("username", "email", "password_hash") VALUES ($1, $2, $3) RETURNING "id"[0m  [["username", "Alec"], ["email", "alf.kuphal@cummings.net"], ["password_hash", "password"]]
  [1m[35m (0.3ms)[0m  [1m[35mCOMMIT[0m
  [1m[35m (0.1ms)[0m  [1m[35mBEGIN[0m
  [1m[35mSQL (0.2ms)[0m  [1m[32mINSERT INTO "users" ("username", "email", "password_hash") VALUES ($1, $2, $3) RETURNING "id"[0m  [["username", "Darryl"], ["email", "berta_rolfson@hayes.com"], ["password_hash", "password"]]
  [1m[35m (0.3ms)[0m  [1m[35mCOMMIT[0m
  [1m[35m (0.1ms)[0m  [1m[35mBEGIN[0m
  [1m[35mSQL (0.2ms)[0m  [1m[32mINSERT INTO "users" ("username", "email", "password_hash") VALUES ($1, $2, $3) RETURNING "id"[0m  [["username", "Shaina"], ["email", "shawn.tremblay@vandervort.io"], ["password_hash", "password"]]
  [1m[35m (0.3ms)[0m  [1m[35mCOMMIT[0m
  [1m[35m (0.1ms)[0m  [1m[35mBEGIN[0m
  [1m[35mSQL (0.2ms)[0m  [1m[32mINSERT INTO "users" ("username", "email", "password_hash") VALUES ($1, $2, $3) RETURNING "id"[0m  [["username", "Isabelle"], ["email", "anastacio@halvorson.com"], ["password_hash", "password"]]
  [1m[35m (0.3ms)[0m  [1m[35mCOMMIT[0m
  [1m[35m (0.1ms)[0m  [1m[35mBEGIN[0m
  [1m[35mSQL (0.2ms)[0m  [1m[32mINSERT INTO "users" ("username", "email", "password_hash") VALUES ($1, $2, $3) RETURNING "id"[0m  [["username", "Aniya"], ["email", "reba_wehner@sawayn.name"], ["password_hash", "password"]]
  [1m[35m (0.2ms)[0m  [1m[35mCOMMIT[0m
  [1m[35m (0.1ms)[0m  [1m[35mBEGIN[0m
  [1m[35mSQL (0.2ms)[0m  [1m[32mINSERT INTO "users" ("username", "email", "password_hash") VALUES ($1, $2, $3) RETURNING "id"[0m  [["username", "Gideon"], ["email", "cooper_stiedemann@wiegandauer.biz"], ["password_hash", "password"]]
  [1m[35m (0.3ms)[0m  [1m[35mCOMMIT[0m
  [1m[35m (0.1ms)[0m  [1m[35mBEGIN[0m
  [1m[35mSQL (0.2ms)[0m  [1m[32mINSERT INTO "users" ("username", "email", "password_hash") VALUES ($1, $2, $3) RETURNING "id"[0m  [["username", "Immanuel"], ["email", "joanne@doyle.biz"], ["password_hash", "password"]]
  [1m[35m (0.2ms)[0m  [1m[35mCOMMIT[0m
  [1m[35m (0.1ms)[0m  [1m[35mBEGIN[0m
  [1m[35mSQL (0.2ms)[0m  [1m[32mINSERT INTO "users" ("username", "email", "password_hash") VALUES ($1, $2, $3) RETURNING "id"[0m  [["username", "Reagan"], ["email", "aryanna.ko@streich.org"], ["password_hash", "password"]]
  [1m[35m (0.3ms)[0m  [1m[35mCOMMIT[0m
  [1m[35m (0.1ms)[0m  [1m[35mBEGIN[0m
  [1m[35mSQL (0.2ms)[0m  [1m[32mINSERT INTO "users" ("username", "email", "password_hash") VALUES ($1, $2, $3) RETURNING "id"[0m  [["username", "Retta"], ["email", "lucas_white@macejkovic.org"], ["password_hash", "password"]]
  [1m[35m (0.3ms)[0m  [1m[35mCOMMIT[0m
  [1m[35m (0.1ms)[0m  [1m[35mBEGIN[0m
  [1m[35mSQL (0.2ms)[0m  [1m[32mINSERT INTO "users" ("username", "email", "password_hash") VALUES ($1, $2, $3) RETURNING "id"[0m  [["username", "Chester"], ["email", "ludie.haag@rutherford.co"], ["password_hash", "password"]]
  [1m[35m (0.3ms)[0m  [1m[35mCOMMIT[0m
  [1m[35m (0.1ms)[0m  [1m[35mBEGIN[0m
  [1m[35mSQL (0.2ms)[0m  [1m[32mINSERT INTO "users" ("username", "email", "password_hash") VALUES ($1, $2, $3) RETURNING "id"[0m  [["username", "Trace"], ["email", "marcia_schultz@altenwerthbosco.co"], ["password_hash", "password"]]
  [1m[35m (0.2ms)[0m  [1m[35mCOMMIT[0m
  [1m[35m (0.1ms)[0m  [1m[35mBEGIN[0m
  [1m[35mSQL (0.2ms)[0m  [1m[32mINSERT INTO "users" ("username", "email", "password_hash") VALUES ($1, $2, $3) RETURNING "id"[0m  [["username", "Philip"], ["email", "chester_cummings@murray.com"], ["password_hash", "password"]]
  [1m[35m (0.2ms)[0m  [1m[35mCOMMIT[0m
  [1m[35m (0.1ms)[0m  [1m[35mBEGIN[0m
  [1m[35mSQL (0.2ms)[0m  [1m[32mINSERT INTO "users" ("username", "email", "password_hash") VALUES ($1, $2, $3) RETURNING "id"[0m  [["username", "Jaeden"], ["email", "leie@schmidt.net"], ["password_hash", "password"]]
  [1m[35m (0.2ms)[0m  [1m[35mCOMMIT[0m
  [1m[35m (0.1ms)[0m  [1m[35mBEGIN[0m
  [1m[35mSQL (0.2ms)[0m  [1m[32mINSERT INTO "users" ("username", "email", "password_hash") VALUES ($1, $2, $3) RETURNING "id"[0m  [["username", "Edward"], ["email", "oceane@mckenzie.co"], ["password_hash", "password"]]
  [1m[35m (0.3ms)[0m  [1m[35mCOMMIT[0m
  [1m[35m (0.1ms)[0m  [1m[35mBEGIN[0m
  [1m[35mSQL (0.2ms)[0m  [1m[32mINSERT INTO "users" ("username", "email", "password_hash") VALUES ($1, $2, $3) RETURNING "id"[0m  [["username", "Odessa"], ["email", "doug@conroyhaag.net"], ["password_hash", "password"]]
  [1m[35m (0.3ms)[0m  [1m[35mCOMMIT[0m
  [1m[35m (0.1ms)[0m  [1m[35mBEGIN[0m
  [1m[35mSQL (0.2ms)[0m  [1m[32mINSERT INTO "users" ("username", "email", "password_hash") VALUES ($1, $2, $3) RETURNING "id"[0m  [["username", "Danyka"], ["email", "lyda_price@pricekerluke.biz"], ["password_hash", "password"]]
  [1m[35m (0.3ms)[0m  [1m[35mCOMMIT[0m
  [1m[35m (0.1ms)[0m  [1m[35mBEGIN[0m
  [1m[35mSQL (0.2ms)[0m  [1m[32mINSERT INTO "users" ("username", "email", "password_hash") VALUES ($1, $2, $3) RETURNING "id"[0m  [["username", "Wilhelmine"], ["email", "gerardo@bahringer.org"], ["password_hash", "password"]]
  [1m[35m (0.2ms)[0m  [1m[35mCOMMIT[0m
  [1m[35m (0.1ms)[0m  [1m[35mBEGIN[0m
  [1m[35mSQL (0.2ms)[0m  [1m[32mINSERT INTO "users" ("username", "email", "password_hash") VALUES ($1, $2, $3) RETURNING "id"[0m  [["username", "Maureen"], ["email", "genoveva_windler@reichelyost.org"], ["password_hash", "password"]]
  [1m[35m (0.3ms)[0m  [1m[35mCOMMIT[0m
  [1m[35m (0.1ms)[0m  [1m[35mBEGIN[0m
  [1m[35mSQL (0.2ms)[0m  [1m[32mINSERT INTO "users" ("username", "email", "password_hash") VALUES ($1, $2, $3) RETURNING "id"[0m  [["username", "Emmett"], ["email", "brendan@heaney.com"], ["password_hash", "password"]]
  [1m[35m (0.2ms)[0m  [1m[35mCOMMIT[0m
  [1m[35m (0.1ms)[0m  [1m[35mBEGIN[0m
  [1m[35mSQL (0.2ms)[0m  [1m[32mINSERT INTO "users" ("username", "email", "password_hash") VALUES ($1, $2, $3) RETURNING "id"[0m  [["username", "Ewell"], ["email", "dangelo.bailey@jerdebailey.co"], ["password_hash", "password"]]
  [1m[35m (0.3ms)[0m  [1m[35mCOMMIT[0m
  [1m[35m (0.1ms)[0m  [1m[35mBEGIN[0m
  [1m[35mSQL (0.2ms)[0m  [1m[32mINSERT INTO "users" ("username", "email", "password_hash") VALUES ($1, $2, $3) RETURNING "id"[0m  [["username", "Paolo"], ["email", "lesly.ferry@wunschnolan.info"], ["password_hash", "password"]]
  [1m[35m (0.2ms)[0m  [1m[35mCOMMIT[0m
  [1m[35m (0.1ms)[0m  [1m[35mBEGIN[0m
  [1m[35mSQL (0.3ms)[0m  [1m[32mINSERT INTO "users" ("username", "email", "password_hash") VALUES ($1, $2, $3) RETURNING "id"[0m  [["username", "Lukas"], ["email", "lucie.okuneva@stiedemannlehner.net"], ["password_hash", "password"]]
  [1m[35m (0.2ms)[0m  [1m[35mCOMMIT[0m
  [1m[35m (0.1ms)[0m  [1m[35mBEGIN[0m
  [1m[35mSQL (0.2ms)[0m  [1m[32mINSERT INTO "users" ("username", "email", "password_hash") VALUES ($1, $2, $3) RETURNING "id"[0m  [["username", "Gregoria"], ["email", "betty_altenwerth@heel.io"], ["password_hash", "password"]]
  [1m[35m (0.3ms)[0m  [1m[35mCOMMIT[0m
  [1m[35m (0.1ms)[0m  [1m[35mBEGIN[0m
  [1m[35mSQL (0.2ms)[0m  [1m[32mINSERT INTO "users" ("username", "email", "password_hash") VALUES ($1, $2, $3) RETURNING "id"[0m  [["username", "Chadrick"], ["email", "devyn@collins.name"], ["password_hash", "password"]]
  [1m[35m (0.2ms)[0m  [1m[35mCOMMIT[0m
  [1m[35m (0.1ms)[0m  [1m[35mBEGIN[0m
  [1m[35mSQL (0.2ms)[0m  [1m[32mINSERT INTO "users" ("username", "email", "password_hash") VALUES ($1, $2, $3) RETURNING "id"[0m  [["username", "Onie"], ["email", "demarcus_nader@schmitt.biz"], ["password_hash", "password"]]
  [1m[35m (0.2ms)[0m  [1m[35mCOMMIT[0m
  [1m[35m (0.1ms)[0m  [1m[35mBEGIN[0m
  [1m[35mSQL (0.2ms)[0m  [1m[32mINSERT INTO "users" ("username", "email", "password_hash") VALUES ($1, $2, $3) RETURNING "id"[0m  [["username", "Lester"], ["email", "vern.champlin@lockman.net"], ["password_hash", "password"]]
  [1m[35m (0.3ms)[0m  [1m[35mCOMMIT[0m
  [1m[35m (0.1ms)[0m  [1m[35mBEGIN[0m
  [1m[35mSQL (0.3ms)[0m  [1m[32mINSERT INTO "users" ("username", "email", "password_hash") VALUES ($1, $2, $3) RETURNING "id"[0m  [["username", "Geovanni"], ["email", "darby@waelchibalistreri.co"], ["password_hash", "password"]]
  [1m[35m (0.3ms)[0m  [1m[35mCOMMIT[0m
  [1m[35m (0.1ms)[0m  [1m[35mBEGIN[0m
  [1m[35mSQL (0.2ms)[0m  [1m[32mINSERT INTO "users" ("username", "email", "password_hash") VALUES ($1, $2, $3) RETURNING "id"[0m  [["username", "Randy"], ["email", "shanon@rowe.info"], ["password_hash", "password"]]
  [1m[35m (0.3ms)[0m  [1m[35mCOMMIT[0m
  [1m[35m (0.1ms)[0m  [1m[35mBEGIN[0m
  [1m[35mSQL (0.2ms)[0m  [1m[32mINSERT INTO "users" ("username", "email", "password_hash") VALUES ($1, $2, $3) RETURNING "id"[0m  [["username", "Randall"], ["email", "tommie_feeney@damoresauer.net"], ["password_hash", "password"]]
  [1m[35m (0.3ms)[0m  [1m[35mCOMMIT[0m
  [1m[35m (0.1ms)[0m  [1m[35mBEGIN[0m
  [1m[35mSQL (0.2ms)[0m  [1m[32mINSERT INTO "users" ("username", "email", "password_hash") VALUES ($1, $2, $3) RETURNING "id"[0m  [["username", "Josefa"], ["email", "patsy@kautzerbashirian.com"], ["password_hash", "password"]]
  [1m[35m (0.3ms)[0m  [1m[35mCOMMIT[0m
  [1m[35m (0.1ms)[0m  [1m[35mBEGIN[0m
  [1m[35mSQL (0.2ms)[0m  [1m[32mINSERT INTO "users" ("username", "email", "password_hash") VALUES ($1, $2, $3) RETURNING "id"[0m  [["username", "Genoveva"], ["email", "kayley.pfeffer@wiza.org"], ["password_hash", "password"]]
  [1m[35m (0.3ms)[0m  [1m[35mCOMMIT[0m
  [1m[35m (0.1ms)[0m  [1m[35mBEGIN[0m
  [1m[35mSQL (0.2ms)[0m  [1m[32mINSERT INTO "users" ("username", "email", "password_hash") VALUES ($1, $2, $3) RETURNING "id"[0m  [["username", "Mathew"], ["email", "mollie@kobeer.net"], ["password_hash", "password"]]
  [1m[35m (0.2ms)[0m  [1m[35mCOMMIT[0m
  [1m[35m (0.1ms)[0m  [1m[35mBEGIN[0m
  [1m[35mSQL (0.2ms)[0m  [1m[32mINSERT INTO "users" ("username", "email", "password_hash") VALUES ($1, $2, $3) RETURNING "id"[0m  [["username", "Jayden"], ["email", "cordelia.jaskolski@haagcole.info"], ["password_hash", "password"]]
  [1m[35m (0.2ms)[0m  [1m[35mCOMMIT[0m
  [1m[35m (0.1ms)[0m  [1m[35mBEGIN[0m
  [1m[35mSQL (0.2ms)[0m  [1m[32mINSERT INTO "users" ("username", "email", "password_hash") VALUES ($1, $2, $3) RETURNING "id"[0m  [["username", "Adolfo"], ["email", "caitlyn@rath.org"], ["password_hash", "password"]]
  [1m[35m (0.2ms)[0m  [1m[35mCOMMIT[0m
  [1m[35m (0.1ms)[0m  [1m[35mBEGIN[0m
  [1m[35mSQL (0.2ms)[0m  [1m[32mINSERT INTO "users" ("username", "email", "password_hash") VALUES ($1, $2, $3) RETURNING "id"[0m  [["username", "Esteban"], ["email", "leonora_prohaska@hermannweimann.com"], ["password_hash", "password"]]
  [1m[35m (0.2ms)[0m  [1m[35mCOMMIT[0m
  [1m[35m (0.1ms)[0m  [1m[35mBEGIN[0m
  [1m[35mSQL (0.2ms)[0m  [1m[32mINSERT INTO "users" ("username", "email", "password_hash") VALUES ($1, $2, $3) RETURNING "id"[0m  [["username", "Pablo"], ["email", "mario_west@tromp.com"], ["password_hash", "password"]]
  [1m[35m (0.2ms)[0m  [1m[35mCOMMIT[0m
  [1m[35m (0.1ms)[0m  [1m[35mBEGIN[0m
  [1m[35mSQL (0.2ms)[0m  [1m[32mINSERT INTO "users" ("username", "email", "password_hash") VALUES ($1, $2, $3) RETURNING "id"[0m  [["username", "Donato"], ["email", "ethan@volkman.biz"], ["password_hash", "password"]]
  [1m[35m (0.3ms)[0m  [1m[35mCOMMIT[0m
  [1m[35m (0.1ms)[0m  [1m[35mBEGIN[0m
  [1m[35mSQL (0.2ms)[0m  [1m[32mINSERT INTO "users" ("username", "email", "password_hash") VALUES ($1, $2, $3) RETURNING "id"[0m  [["username", "Valerie"], ["email", "freeda@lindmoriette.io"], ["password_hash", "password"]]
  [1m[35m (0.3ms)[0m  [1m[35mCOMMIT[0m
  [1m[35m (0.1ms)[0m  [1m[35mBEGIN[0m
  [1m[35mSQL (0.2ms)[0m  [1m[32mINSERT INTO "users" ("username", "email", "password_hash") VALUES ($1, $2, $3) RETURNING "id"[0m  [["username", "Florian"], ["email", "rowena.ondricka@langosh.org"], ["password_hash", "password"]]
  [1m[35m (0.3ms)[0m  [1m[35mCOMMIT[0m
  [1m[35m (0.1ms)[0m  [1m[35mBEGIN[0m
  [1m[35mSQL (0.2ms)[0m  [1m[32mINSERT INTO "users" ("username", "email", "password_hash") VALUES ($1, $2, $3) RETURNING "id"[0m  [["username", "Nola"], ["email", "arvilla.jast@bahringerbode.biz"], ["password_hash", "password"]]
  [1m[35m (0.2ms)[0m  [1m[35mCOMMIT[0m
  [1m[35m (0.1ms)[0m  [1m[35mBEGIN[0m
  [1m[35mSQL (0.3ms)[0m  [1m[32mINSERT INTO "users" ("username", "email", "password_hash") VALUES ($1, $2, $3) RETURNING "id"[0m  [["username", "Virginia"], ["email", "cordie@luettgenmacgyver.name"], ["password_hash", "password"]]
  [1m[35m (0.2ms)[0m  [1m[35mCOMMIT[0m
  [1m[35m (0.1ms)[0m  [1m[35mBEGIN[0m
  [1m[35mSQL (0.2ms)[0m  [1m[32mINSERT INTO "users" ("username", "email", "password_hash") VALUES ($1, $2, $3) RETURNING "id"[0m  [["username", "Hilario"], ["email", "erick@larkincummerata.co"], ["password_hash", "password"]]
  [1m[35m (0.2ms)[0m  [1m[35mCOMMIT[0m
  [1m[35m (0.1ms)[0m  [1m[35mBEGIN[0m
  [1m[35mSQL (0.2ms)[0m  [1m[32mINSERT INTO "users" ("username", "email", "password_hash") VALUES ($1, $2, $3) RETURNING "id"[0m  [["username", "Emiliano"], ["email", "roberta_tremblay@jerde.io"], ["password_hash", "password"]]
  [1m[35m (0.3ms)[0m  [1m[35mCOMMIT[0m
  [1m[35m (0.1ms)[0m  [1m[35mBEGIN[0m
  [1m[35mSQL (0.2ms)[0m  [1m[32mINSERT INTO "users" ("username", "email", "password_hash") VALUES ($1, $2, $3) RETURNING "id"[0m  [["username", "Rodger"], ["email", "yasmeen@blickstamm.biz"], ["password_hash", "password"]]
  [1m[35m (0.3ms)[0m  [1m[35mCOMMIT[0m
  [1m[35m (0.1ms)[0m  [1m[35mBEGIN[0m
  [1m[35mSQL (0.2ms)[0m  [1m[32mINSERT INTO "users" ("username", "email", "password_hash") VALUES ($1, $2, $3) RETURNING "id"[0m  [["username", "Litzy"], ["email", "linda_pagac@goldnercarroll.org"], ["password_hash", "password"]]
  [1m[35m (0.3ms)[0m  [1m[35mCOMMIT[0m
  [1m[35m (0.1ms)[0m  [1m[35mBEGIN[0m
  [1m[35mSQL (0.2ms)[0m  [1m[32mINSERT INTO "users" ("username", "email", "password_hash") VALUES ($1, $2, $3) RETURNING "id"[0m  [["username", "Sallie"], ["email", "jettie.schmidt@batz.io"], ["password_hash", "password"]]
  [1m[35m (0.3ms)[0m  [1m[35mCOMMIT[0m
  [1m[35m (0.1ms)[0m  [1m[35mBEGIN[0m
  [1m[35mSQL (0.2ms)[0m  [1m[32mINSERT INTO "users" ("username", "email", "password_hash") VALUES ($1, $2, $3) RETURNING "id"[0m  [["username", "Angie"], ["email", "ted@wehner.name"], ["password_hash", "password"]]
  [1m[35m (0.5ms)[0m  [1m[35mCOMMIT[0m
  [1m[35m (0.1ms)[0m  [1m[35mBEGIN[0m
  [1m[35mSQL (0.2ms)[0m  [1m[32mINSERT INTO "users" ("username", "email", "password_hash") VALUES ($1, $2, $3) RETURNING "id"[0m  [["username", "Shanna"], ["email", "lillie_lang@auer.net"], ["password_hash", "password"]]
  [1m[35m (0.2ms)[0m  [1m[35mCOMMIT[0m
  [1m[35m (0.1ms)[0m  [1m[35mBEGIN[0m
  [1m[35mSQL (0.2ms)[0m  [1m[32mINSERT INTO "users" ("username", "email", "password_hash") VALUES ($1, $2, $3) RETURNING "id"[0m  [["username", "Jordon"], ["email", "orin@bahringerskiles.co"], ["password_hash", "password"]]
  [1m[35m (0.3ms)[0m  [1m[35mCOMMIT[0m
  [1m[35m (0.1ms)[0m  [1m[35mBEGIN[0m
  [1m[35mSQL (0.2ms)[0m  [1m[32mINSERT INTO "users" ("username", "email", "password_hash") VALUES ($1, $2, $3) RETURNING "id"[0m  [["username", "Viviane"], ["email", "tillman.white@ricereinger.org"], ["password_hash", "password"]]
  [1m[35m (0.3ms)[0m  [1m[35mCOMMIT[0m
  [1m[35m (0.1ms)[0m  [1m[35mBEGIN[0m
  [1m[35mSQL (0.2ms)[0m  [1m[32mINSERT INTO "users" ("username", "email", "password_hash") VALUES ($1, $2, $3) RETURNING "id"[0m  [["username", "Elmira"], ["email", "kylee.emmerich@schillerlabadie.io"], ["password_hash", "password"]]
  [1m[35m (0.3ms)[0m  [1m[35mCOMMIT[0m
  [1m[35m (0.1ms)[0m  [1m[35mBEGIN[0m
  [1m[35mSQL (0.2ms)[0m  [1m[32mINSERT INTO "users" ("username", "email", "password_hash") VALUES ($1, $2, $3) RETURNING "id"[0m  [["username", "Giles"], ["email", "davion@koelpin.org"], ["password_hash", "password"]]
  [1m[35m (0.3ms)[0m  [1m[35mCOMMIT[0m
  [1m[35m (0.1ms)[0m  [1m[35mBEGIN[0m
  [1m[35mSQL (0.2ms)[0m  [1m[32mINSERT INTO "users" ("username", "email", "password_hash") VALUES ($1, $2, $3) RETURNING "id"[0m  [["username", "Shawn"], ["email", "lizzie_schulist@ferry.name"], ["password_hash", "password"]]
  [1m[35m (0.2ms)[0m  [1m[35mCOMMIT[0m
  [1m[35m (0.1ms)[0m  [1m[35mBEGIN[0m
  [1m[35mSQL (0.2ms)[0m  [1m[32mINSERT INTO "users" ("username", "email", "password_hash") VALUES ($1, $2, $3) RETURNING "id"[0m  [["username", "Violette"], ["email", "bradly_connelly@huels.io"], ["password_hash", "password"]]
  [1m[35m (0.3ms)[0m  [1m[35mCOMMIT[0m
  [1m[35m (0.1ms)[0m  [1m[35mBEGIN[0m
  [1m[35mSQL (0.2ms)[0m  [1m[32mINSERT INTO "users" ("username", "email", "password_hash") VALUES ($1, $2, $3) RETURNING "id"[0m  [["username", "Moses"], ["email", "willie@greenfelderbode.name"], ["password_hash", "password"]]
  [1m[35m (0.2ms)[0m  [1m[35mCOMMIT[0m
  [1m[35m (0.1ms)[0m  [1m[35mBEGIN[0m
  [1m[35mSQL (0.2ms)[0m  [1m[32mINSERT INTO "users" ("username", "email", "password_hash") VALUES ($1, $2, $3) RETURNING "id"[0m  [["username", "Vivian"], ["email", "mortimer_leuschke@mayer.info"], ["password_hash", "password"]]
  [1m[35m (0.3ms)[0m  [1m[35mCOMMIT[0m
  [1m[35m (0.1ms)[0m  [1m[35mBEGIN[0m
  [1m[35mSQL (0.2ms)[0m  [1m[32mINSERT INTO "users" ("username", "email", "password_hash") VALUES ($1, $2, $3) RETURNING "id"[0m  [["username", "Levi"], ["email", "kiara@gaylord.com"], ["password_hash", "password"]]
  [1m[35m (0.2ms)[0m  [1m[35mCOMMIT[0m
  [1m[35m (0.1ms)[0m  [1m[35mBEGIN[0m
  [1m[35mSQL (0.2ms)[0m  [1m[32mINSERT INTO "users" ("username", "email", "password_hash") VALUES ($1, $2, $3) RETURNING "id"[0m  [["username", "Domenick"], ["email", "reuben@leuschke.com"], ["password_hash", "password"]]
  [1m[35m (0.3ms)[0m  [1m[35mCOMMIT[0m
  [1m[35m (0.1ms)[0m  [1m[35mBEGIN[0m
  [1m[35mSQL (0.2ms)[0m  [1m[32mINSERT INTO "users" ("username", "email", "password_hash") VALUES ($1, $2, $3) RETURNING "id"[0m  [["username", "Adrain"], ["email", "jaylen_bergstrom@rohan.name"], ["password_hash", "password"]]
  [1m[35m (0.3ms)[0m  [1m[35mCOMMIT[0m
  [1m[35m (0.1ms)[0m  [1m[35mBEGIN[0m
  [1m[35mSQL (0.2ms)[0m  [1m[32mINSERT INTO "users" ("username", "email", "password_hash") VALUES ($1, $2, $3) RETURNING "id"[0m  [["username", "Maribel"], ["email", "carlotta@hettinger.biz"], ["password_hash", "password"]]
  [1m[35m (0.3ms)[0m  [1m[35mCOMMIT[0m
  [1m[35m (0.1ms)[0m  [1m[35mBEGIN[0m
  [1m[35mSQL (0.2ms)[0m  [1m[32mINSERT INTO "users" ("username", "email", "password_hash") VALUES ($1, $2, $3) RETURNING "id"[0m  [["username", "Reinhold"], ["email", "nicolas_kaulke@douglas.name"], ["password_hash", "password"]]
  [1m[35m (0.3ms)[0m  [1m[35mCOMMIT[0m
  [1m[35m (0.1ms)[0m  [1m[35mBEGIN[0m
  [1m[35mSQL (0.2ms)[0m  [1m[32mINSERT INTO "users" ("username", "email", "password_hash") VALUES ($1, $2, $3) RETURNING "id"[0m  [["username", "Justen"], ["email", "christy@durgan.net"], ["password_hash", "password"]]
  [1m[35m (0.3ms)[0m  [1m[35mCOMMIT[0m
  [1m[35m (0.1ms)[0m  [1m[35mBEGIN[0m
  [1m[35mSQL (0.2ms)[0m  [1m[32mINSERT INTO "users" ("username", "email", "password_hash") VALUES ($1, $2, $3) RETURNING "id"[0m  [["username", "Mallory"], ["email", "loraine@graham.info"], ["password_hash", "password"]]
  [1m[35m (0.2ms)[0m  [1m[35mCOMMIT[0m
  [1m[35m (0.1ms)[0m  [1m[35mBEGIN[0m
  [1m[35mSQL (0.2ms)[0m  [1m[32mINSERT INTO "users" ("username", "email", "password_hash") VALUES ($1, $2, $3) RETURNING "id"[0m  [["username", "Keara"], ["email", "zachary@halvorson.org"], ["password_hash", "password"]]
  [1m[35m (0.3ms)[0m  [1m[35mCOMMIT[0m
  [1m[35m (0.1ms)[0m  [1m[35mBEGIN[0m
  [1m[35mSQL (0.2ms)[0m  [1m[32mINSERT INTO "users" ("username", "email", "password_hash") VALUES ($1, $2, $3) RETURNING "id"[0m  [["username", "Terence"], ["email", "benedict@roob.net"], ["password_hash", "password"]]
  [1m[35m (0.3ms)[0m  [1m[35mCOMMIT[0m
  [1m[35m (0.1ms)[0m  [1m[35mBEGIN[0m
  [1m[35mSQL (0.2ms)[0m  [1m[32mINSERT INTO "users" ("username", "email", "password_hash") VALUES ($1, $2, $3) RETURNING "id"[0m  [["username", "Christ"], ["email", "candida@wizahyatt.info"], ["password_hash", "password"]]
  [1m[35m (0.2ms)[0m  [1m[35mCOMMIT[0m
  [1m[35m (0.1ms)[0m  [1m[35mBEGIN[0m
  [1m[35mSQL (0.2ms)[0m  [1m[32mINSERT INTO "users" ("username", "email", "password_hash") VALUES ($1, $2, $3) RETURNING "id"[0m  [["username", "Susana"], ["email", "jody.kuvalis@millsmedhurst.io"], ["password_hash", "password"]]
  [1m[35m (0.5ms)[0m  [1m[35mCOMMIT[0m
  [1m[35m (0.1ms)[0m  [1m[35mBEGIN[0m
  [1m[35mSQL (0.2ms)[0m  [1m[32mINSERT INTO "users" ("username", "email", "password_hash") VALUES ($1, $2, $3) RETURNING "id"[0m  [["username", "Javon"], ["email", "margarett_treutel@keebler.net"], ["password_hash", "password"]]
  [1m[35m (0.2ms)[0m  [1m[35mCOMMIT[0m
  [1m[35m (0.1ms)[0m  [1m[35mBEGIN[0m
  [1m[35mSQL (0.2ms)[0m  [1m[32mINSERT INTO "users" ("username", "email", "password_hash") VALUES ($1, $2, $3) RETURNING "id"[0m  [["username", "Giuseppe"], ["email", "harvey@boyercorwin.net"], ["password_hash", "password"]]
  [1m[35m (0.3ms)[0m  [1m[35mCOMMIT[0m
  [1m[35m (0.1ms)[0m  [1m[35mBEGIN[0m
  [1m[35mSQL (0.2ms)[0m  [1m[32mINSERT INTO "users" ("username", "email", "password_hash") VALUES ($1, $2, $3) RETURNING "id"[0m  [["username", "Darien"], ["email", "colt@abbott.info"], ["password_hash", "password"]]
  [1m[35m (0.2ms)[0m  [1m[35mCOMMIT[0m
  [1m[35m (0.1ms)[0m  [1m[35mBEGIN[0m
  [1m[35mSQL (0.2ms)[0m  [1m[32mINSERT INTO "users" ("username", "email", "password_hash") VALUES ($1, $2, $3) RETURNING "id"[0m  [["username", "Doris"], ["email", "reggie.kshlerin@roobsmith.co"], ["password_hash", "password"]]
  [1m[35m (0.3ms)[0m  [1m[35mCOMMIT[0m
  [1m[35m (0.1ms)[0m  [1m[35mBEGIN[0m
  [1m[35mSQL (0.2ms)[0m  [1m[32mINSERT INTO "users" ("username", "email", "password_hash") VALUES ($1, $2, $3) RETURNING "id"[0m  [["username", "Alvera"], ["email", "percy.lakin@aufderhar.org"], ["password_hash", "password"]]
  [1m[35m (0.3ms)[0m  [1m[35mCOMMIT[0m
  [1m[35m (0.1ms)[0m  [1m[35mBEGIN[0m
  [1m[35mSQL (0.2ms)[0m  [1m[32mINSERT INTO "users" ("username", "email", "password_hash") VALUES ($1, $2, $3) RETURNING "id"[0m  [["username", "Dewayne"], ["email", "ellis_hahn@collinmitham.name"], ["password_hash", "password"]]
  [1m[35m (0.2ms)[0m  [1m[35mCOMMIT[0m
  [1m[35m (0.1ms)[0m  [1m[35mBEGIN[0m
  [1m[35mSQL (0.2ms)[0m  [1m[32mINSERT INTO "users" ("username", "email", "password_hash") VALUES ($1, $2, $3) RETURNING "id"[0m  [["username", "Delmer"], ["email", "ottilie_lindgren@ferry.net"], ["password_hash", "password"]]
  [1m[35m (0.3ms)[0m  [1m[35mCOMMIT[0m
  [1m[35m (0.1ms)[0m  [1m[35mBEGIN[0m
  [1m[35mSQL (0.2ms)[0m  [1m[32mINSERT INTO "users" ("username", "email", "password_hash") VALUES ($1, $2, $3) RETURNING "id"[0m  [["username", "Isobel"], ["email", "katlyn@runolfonhayes.io"], ["password_hash", "password"]]
  [1m[35m (0.3ms)[0m  [1m[35mCOMMIT[0m
  [1m[35m (0.1ms)[0m  [1m[35mBEGIN[0m
  [1m[35mSQL (0.3ms)[0m  [1m[32mINSERT INTO "users" ("username", "email", "password_hash") VALUES ($1, $2, $3) RETURNING "id"[0m  [["username", "Laurence"], ["email", "gerry@feest.io"], ["password_hash", "password"]]
  [1m[35m (0.2ms)[0m  [1m[35mCOMMIT[0m
  [1m[35m (0.1ms)[0m  [1m[35mBEGIN[0m
  [1m[35mSQL (0.2ms)[0m  [1m[32mINSERT INTO "users" ("username", "email", "password_hash") VALUES ($1, $2, $3) RETURNING "id"[0m  [["username", "Terrill"], ["email", "natalie_moen@schillerdicki.io"], ["password_hash", "password"]]
  [1m[35m (0.3ms)[0m  [1m[35mCOMMIT[0m
  [1m[35m (0.1ms)[0m  [1m[35mBEGIN[0m
  [1m[35mSQL (0.3ms)[0m  [1m[32mINSERT INTO "users" ("username", "email", "password_hash") VALUES ($1, $2, $3) RETURNING "id"[0m  [["username", "Jadon"], ["email", "alice.fisher@abernathy.io"], ["password_hash", "password"]]
  [1m[35m (0.3ms)[0m  [1m[35mCOMMIT[0m
  [1m[35m (0.1ms)[0m  [1m[35mBEGIN[0m
  [1m[35mSQL (0.2ms)[0m  [1m[32mINSERT INTO "users" ("username", "email", "password_hash") VALUES ($1, $2, $3) RETURNING "id"[0m  [["username", "Eudora"], ["email", "tiffany.nitzsche@schaeferupton.biz"], ["password_hash", "password"]]
  [1m[35m (0.2ms)[0m  [1m[35mCOMMIT[0m
  [1m[35m (0.1ms)[0m  [1m[35mBEGIN[0m
  [1m[35mSQL (0.2ms)[0m  [1m[32mINSERT INTO "users" ("username", "email", "password_hash") VALUES ($1, $2, $3) RETURNING "id"[0m  [["username", "Della"], ["email", "aurore@considine.name"], ["password_hash", "password"]]
  [1m[35m (0.3ms)[0m  [1m[35mCOMMIT[0m
  [1m[35m (0.1ms)[0m  [1m[35mBEGIN[0m
  [1m[35mSQL (0.3ms)[0m  [1m[32mINSERT INTO "users" ("username", "email", "password_hash") VALUES ($1, $2, $3) RETURNING "id"[0m  [["username", "Manley"], ["email", "adelia_roberts@lockman.name"], ["password_hash", "password"]]
  [1m[35m (0.3ms)[0m  [1m[35mCOMMIT[0m
  [1m[35m (0.1ms)[0m  [1m[35mBEGIN[0m
  [1m[35mSQL (0.2ms)[0m  [1m[32mINSERT INTO "users" ("username", "email", "password_hash") VALUES ($1, $2, $3) RETURNING "id"[0m  [["username", "Kyler"], ["email", "tobin_becker@stokesklein.com"], ["password_hash", "password"]]
  [1m[35m (0.2ms)[0m  [1m[35mCOMMIT[0m
  [1m[35m (0.1ms)[0m  [1m[35mBEGIN[0m
  [1m[35mSQL (0.2ms)[0m  [1m[32mINSERT INTO "users" ("username", "email", "password_hash") VALUES ($1, $2, $3) RETURNING "id"[0m  [["username", "Germaine"], ["email", "elton_mohr@schimmel.info"], ["password_hash", "password"]]
  [1m[35m (0.3ms)[0m  [1m[35mCOMMIT[0m
  [1m[35m (0.1ms)[0m  [1m[35mBEGIN[0m
  [1m[35mSQL (0.2ms)[0m  [1m[32mINSERT INTO "users" ("username", "email", "password_hash") VALUES ($1, $2, $3) RETURNING "id"[0m  [["username", "Emilie"], ["email", "thora_conroy@leschwillms.org"], ["password_hash", "password"]]
  [1m[35m (0.3ms)[0m  [1m[35mCOMMIT[0m
  [1m[35m (0.1ms)[0m  [1m[35mBEGIN[0m
  [1m[35mSQL (0.2ms)[0m  [1m[32mINSERT INTO "users" ("username", "email", "password_hash") VALUES ($1, $2, $3) RETURNING "id"[0m  [["username", "Kraig"], ["email", "delilah_wyman@padbergmoore.net"], ["password_hash", "password"]]
  [1m[35m (0.2ms)[0m  [1m[35mCOMMIT[0m
  [1m[35m (0.1ms)[0m  [1m[35mBEGIN[0m
  [1m[35mSQL (0.2ms)[0m  [1m[32mINSERT INTO "users" ("username", "email", "password_hash") VALUES ($1, $2, $3) RETURNING "id"[0m  [["username", "Robin"], ["email", "jailyn_feeney@padbergwill.biz"], ["password_hash", "password"]]
  [1m[35m (0.2ms)[0m  [1m[35mCOMMIT[0m
  [1m[35m (0.1ms)[0m  [1m[35mBEGIN[0m
  [1m[35mSQL (0.2ms)[0m  [1m[32mINSERT INTO "users" ("username", "email", "password_hash") VALUES ($1, $2, $3) RETURNING "id"[0m  [["username", "Tiffany"], ["email", "richmond_metz@grahamwindler.biz"], ["password_hash", "password"]]
  [1m[35m (0.3ms)[0m  [1m[35mCOMMIT[0m
  [1m[36mUser Load (0.5ms)[0m  [1m[34mSELECT "users".* FROM "users"[0m
  [1m[36mUser Load (0.4ms)[0m  [1m[34mSELECT  "users".* FROM "users" ORDER BY "users"."id" DESC LIMIT $1[0m  [["LIMIT", 1]]
